<?xml version="1.0" encoding="UTF-8"?>
<!-- Generated by org.testng.reporters.JUnitXMLReporter -->
<testsuite ignored="0" hostname="KrishnaPC" failures="3" tests="5" name="Test" time="50.969" errors="0" timestamp="2022-09-11T16:19:28 IST">
  <testcase classname="com.iris22a.ProductTest" name="verifyCategryListForTopwear" time="4.712">
    <failure type="java.lang.NullPointerException" message="Cannot invoke &amp;quot;String.split(String)&amp;quot; because the return value of &amp;quot;com.iris22a.utils.PropUtils.getValue(String, String)&amp;quot; is null">
      <![CDATA[java.lang.NullPointerException: Cannot invoke "String.split(String)" because the return value of "com.iris22a.utils.PropUtils.getValue(String, String)" is null
at com.iris22a.utils.PropUtils.getLocator(PropUtils.java:35)
at com.iris22a.ProductTest.verifyCategryListForTopwear(ProductTest.java:52)
at java.base/java.util.ArrayList.forEach(ArrayList.java:1511)
... Removed 25 stack frames]]>
    </failure>
  </testcase> <!-- verifyCategryListForTopwear -->
  <testcase classname="com.iris22a.ProductTest" name="verifySerchResultForPoloMen" time="10.042">
    <failure type="java.lang.AssertionError" message=" product title  doesnt contain polo men it contains:- HRX by Hrithik Roshan expected [true] but found [false]">
      <![CDATA[java.lang.AssertionError:  product title  doesnt contain polo men it contains:- HRX by Hrithik Roshan expected [true] but found [false]
at com.iris22a.ProductTest.verifySerchResultForPoloMen(ProductTest.java:32)
at java.base/java.util.ArrayList.forEach(ArrayList.java:1511)
... Removed 28 stack frames]]>
    </failure>
  </testcase> <!-- verifySerchResultForPoloMen -->
  <testcase classname="com.iris22a.MenTShirtTest" name="verifySearchResultByPopularity" time="9.188"/>
  <testcase classname="com.iris22a.womentest.WomenTest" name="verifysearchresultforkurta" time="8.794">
    <failure type="java.lang.AssertionError" message="Text is mismatch Printed Straight Kurta expected [true] but found [false]">
      <![CDATA[java.lang.AssertionError: Text is mismatch Printed Straight Kurta expected [true] but found [false]
at com.iris22a.womentest.WomenTest.verifysearchresultforkurta(WomenTest.java:37)
at java.base/java.util.ArrayList.forEach(ArrayList.java:1511)
... Removed 28 stack frames]]>
    </failure>
  </testcase> <!-- verifysearchresultforkurta -->
  <testcase classname="com.iris22a.womentest.WomenTest" name="verifyserchforIndianFusionwear" time="7.036"/>
</testsuite> <!-- Test -->
