<?xml version="1.0" encoding="UTF-8"?>
<testng-results ignored="0" total="5" passed="2" failed="3" skipped="0">
  <reporter-output>
  </reporter-output>
  <suite started-at="2022-09-11T16:18:37 IST" name="Suite" finished-at="2022-09-11T16:19:28 IST" duration-ms="50969">
    <groups>
    </groups>
    <test started-at="2022-09-11T16:18:37 IST" name="Test" finished-at="2022-09-11T16:19:28 IST" duration-ms="50969">
      <class name="com.iris22a.womentest.WomenTest">
        <test-method is-config="true" signature="setUp()[pri:0, instance:com.iris22a.womentest.WomenTest@5a709816]" started-at="2022-09-11T16:19:09 IST" name="setUp" finished-at="2022-09-11T16:19:10 IST" duration-ms="1376" status="PASS">
          <reporter-output>
          </reporter-output>
        </test-method> <!-- setUp -->
        <test-method signature="verifysearchresultforkurta()[pri:0, instance:com.iris22a.womentest.WomenTest@5a709816]" started-at="2022-09-11T16:19:10 IST" name="verifysearchresultforkurta" finished-at="2022-09-11T16:19:19 IST" duration-ms="8794" status="FAIL">
          <exception class="java.lang.AssertionError">
            <message>
              <![CDATA[Text is mismatch Printed Straight Kurta expected [true] but found [false]]]>
            </message>
            <full-stacktrace>
              <![CDATA[java.lang.AssertionError: Text is mismatch Printed Straight Kurta expected [true] but found [false]
at org.testng.Assert.fail(Assert.java:99)
at org.testng.Assert.failNotEquals(Assert.java:1037)
at org.testng.Assert.assertTrue(Assert.java:45)
at com.iris22a.womentest.WomenTest.verifysearchresultforkurta(WomenTest.java:37)
at java.base/jdk.internal.reflect.DirectMethodHandleAccessor.invoke(DirectMethodHandleAccessor.java:104)
at java.base/java.lang.reflect.Method.invoke(Method.java:577)
at org.testng.internal.MethodInvocationHelper.invokeMethod(MethodInvocationHelper.java:133)
at org.testng.internal.TestInvoker.invokeMethod(TestInvoker.java:598)
at org.testng.internal.TestInvoker.invokeTestMethod(TestInvoker.java:173)
at org.testng.internal.MethodRunner.runInSequence(MethodRunner.java:46)
at org.testng.internal.TestInvoker$MethodInvocationAgent.invoke(TestInvoker.java:824)
at org.testng.internal.TestInvoker.invokeTestMethods(TestInvoker.java:146)
at org.testng.internal.TestMethodWorker.invokeTestMethods(TestMethodWorker.java:146)
at org.testng.internal.TestMethodWorker.run(TestMethodWorker.java:128)
at java.base/java.util.ArrayList.forEach(ArrayList.java:1511)
at org.testng.TestRunner.privateRun(TestRunner.java:794)
at org.testng.TestRunner.run(TestRunner.java:596)
at org.testng.SuiteRunner.runTest(SuiteRunner.java:377)
at org.testng.SuiteRunner.runSequentially(SuiteRunner.java:371)
at org.testng.SuiteRunner.privateRun(SuiteRunner.java:332)
at org.testng.SuiteRunner.run(SuiteRunner.java:276)
at org.testng.SuiteRunnerWorker.runSuite(SuiteRunnerWorker.java:53)
at org.testng.SuiteRunnerWorker.run(SuiteRunnerWorker.java:96)
at org.testng.TestNG.runSuitesSequentially(TestNG.java:1212)
at org.testng.TestNG.runSuitesLocally(TestNG.java:1134)
at org.testng.TestNG.runSuites(TestNG.java:1063)
at org.testng.TestNG.run(TestNG.java:1031)
at org.testng.remote.AbstractRemoteTestNG.run(AbstractRemoteTestNG.java:115)
at org.testng.remote.RemoteTestNG.initAndRun(RemoteTestNG.java:251)
at org.testng.remote.RemoteTestNG.main(RemoteTestNG.java:77)
]]>
            </full-stacktrace>
          </exception> <!-- java.lang.AssertionError -->
          <reporter-output>
          </reporter-output>
        </test-method> <!-- verifysearchresultforkurta -->
        <test-method is-config="true" signature="tearDown()[pri:0, instance:com.iris22a.womentest.WomenTest@5a709816]" started-at="2022-09-11T16:19:19 IST" name="tearDown" finished-at="2022-09-11T16:19:19 IST" duration-ms="247" status="PASS">
          <reporter-output>
          </reporter-output>
        </test-method> <!-- tearDown -->
        <test-method is-config="true" signature="setUp()[pri:0, instance:com.iris22a.womentest.WomenTest@5a709816]" started-at="2022-09-11T16:19:19 IST" name="setUp" finished-at="2022-09-11T16:19:20 IST" duration-ms="1334" status="PASS">
          <reporter-output>
          </reporter-output>
        </test-method> <!-- setUp -->
        <test-method signature="verifyserchforIndianFusionwear()[pri:0, instance:com.iris22a.womentest.WomenTest@5a709816]" started-at="2022-09-11T16:19:20 IST" name="verifyserchforIndianFusionwear" finished-at="2022-09-11T16:19:28 IST" duration-ms="7036" status="PASS">
          <reporter-output>
          </reporter-output>
        </test-method> <!-- verifyserchforIndianFusionwear -->
        <test-method is-config="true" signature="tearDown()[pri:0, instance:com.iris22a.womentest.WomenTest@5a709816]" started-at="2022-09-11T16:19:28 IST" name="tearDown" finished-at="2022-09-11T16:19:28 IST" duration-ms="414" status="PASS">
          <reporter-output>
          </reporter-output>
        </test-method> <!-- tearDown -->
      </class> <!-- com.iris22a.womentest.WomenTest -->
      <class name="com.iris22a.MenTShirtTest">
        <test-method is-config="true" signature="setUp()[pri:0, instance:com.iris22a.MenTShirtTest@46dffdc3]" started-at="2022-09-11T16:18:58 IST" name="setUp" finished-at="2022-09-11T16:18:59 IST" duration-ms="1058" status="PASS">
          <reporter-output>
          </reporter-output>
        </test-method> <!-- setUp -->
        <test-method signature="verifySearchResultByPopularity()[pri:0, instance:com.iris22a.MenTShirtTest@46dffdc3]" started-at="2022-09-11T16:18:59 IST" name="verifySearchResultByPopularity" finished-at="2022-09-11T16:19:08 IST" duration-ms="9188" status="PASS">
          <reporter-output>
          </reporter-output>
        </test-method> <!-- verifySearchResultByPopularity -->
        <test-method is-config="true" signature="tearDown()[pri:0, instance:com.iris22a.MenTShirtTest@46dffdc3]" started-at="2022-09-11T16:19:08 IST" name="tearDown" finished-at="2022-09-11T16:19:09 IST" duration-ms="236" status="PASS">
          <reporter-output>
          </reporter-output>
        </test-method> <!-- tearDown -->
      </class> <!-- com.iris22a.MenTShirtTest -->
      <class name="com.iris22a.ProductTest">
        <test-method is-config="true" signature="setUp()[pri:0, instance:com.iris22a.ProductTest@6dab9b6d]" started-at="2022-09-11T16:18:37 IST" name="setUp" finished-at="2022-09-11T16:18:41 IST" duration-ms="4366" status="PASS">
          <reporter-output>
          </reporter-output>
        </test-method> <!-- setUp -->
        <test-method signature="verifyCategryListForTopwear()[pri:0, instance:com.iris22a.ProductTest@6dab9b6d]" started-at="2022-09-11T16:18:42 IST" name="verifyCategryListForTopwear" finished-at="2022-09-11T16:18:46 IST" duration-ms="4712" status="FAIL">
          <exception class="java.lang.NullPointerException">
            <message>
              <![CDATA[Cannot invoke "String.split(String)" because the return value of "com.iris22a.utils.PropUtils.getValue(String, String)" is null]]>
            </message>
            <full-stacktrace>
              <![CDATA[java.lang.NullPointerException: Cannot invoke "String.split(String)" because the return value of "com.iris22a.utils.PropUtils.getValue(String, String)" is null
at com.iris22a.utils.PropUtils.getLocator(PropUtils.java:35)
at com.iris22a.ProductTest.verifyCategryListForTopwear(ProductTest.java:52)
at java.base/jdk.internal.reflect.DirectMethodHandleAccessor.invoke(DirectMethodHandleAccessor.java:104)
at java.base/java.lang.reflect.Method.invoke(Method.java:577)
at org.testng.internal.MethodInvocationHelper.invokeMethod(MethodInvocationHelper.java:133)
at org.testng.internal.TestInvoker.invokeMethod(TestInvoker.java:598)
at org.testng.internal.TestInvoker.invokeTestMethod(TestInvoker.java:173)
at org.testng.internal.MethodRunner.runInSequence(MethodRunner.java:46)
at org.testng.internal.TestInvoker$MethodInvocationAgent.invoke(TestInvoker.java:824)
at org.testng.internal.TestInvoker.invokeTestMethods(TestInvoker.java:146)
at org.testng.internal.TestMethodWorker.invokeTestMethods(TestMethodWorker.java:146)
at org.testng.internal.TestMethodWorker.run(TestMethodWorker.java:128)
at java.base/java.util.ArrayList.forEach(ArrayList.java:1511)
at org.testng.TestRunner.privateRun(TestRunner.java:794)
at org.testng.TestRunner.run(TestRunner.java:596)
at org.testng.SuiteRunner.runTest(SuiteRunner.java:377)
at org.testng.SuiteRunner.runSequentially(SuiteRunner.java:371)
at org.testng.SuiteRunner.privateRun(SuiteRunner.java:332)
at org.testng.SuiteRunner.run(SuiteRunner.java:276)
at org.testng.SuiteRunnerWorker.runSuite(SuiteRunnerWorker.java:53)
at org.testng.SuiteRunnerWorker.run(SuiteRunnerWorker.java:96)
at org.testng.TestNG.runSuitesSequentially(TestNG.java:1212)
at org.testng.TestNG.runSuitesLocally(TestNG.java:1134)
at org.testng.TestNG.runSuites(TestNG.java:1063)
at org.testng.TestNG.run(TestNG.java:1031)
at org.testng.remote.AbstractRemoteTestNG.run(AbstractRemoteTestNG.java:115)
at org.testng.remote.RemoteTestNG.initAndRun(RemoteTestNG.java:251)
at org.testng.remote.RemoteTestNG.main(RemoteTestNG.java:77)
]]>
            </full-stacktrace>
          </exception> <!-- java.lang.NullPointerException -->
          <reporter-output>
          </reporter-output>
        </test-method> <!-- verifyCategryListForTopwear -->
        <test-method is-config="true" signature="tearDown()[pri:0, instance:com.iris22a.ProductTest@6dab9b6d]" started-at="2022-09-11T16:18:46 IST" name="tearDown" finished-at="2022-09-11T16:18:47 IST" duration-ms="220" status="PASS">
          <reporter-output>
          </reporter-output>
        </test-method> <!-- tearDown -->
        <test-method is-config="true" signature="setUp()[pri:0, instance:com.iris22a.ProductTest@6dab9b6d]" started-at="2022-09-11T16:18:47 IST" name="setUp" finished-at="2022-09-11T16:18:48 IST" duration-ms="1475" status="PASS">
          <reporter-output>
          </reporter-output>
        </test-method> <!-- setUp -->
        <test-method signature="verifySerchResultForPoloMen()[pri:0, instance:com.iris22a.ProductTest@6dab9b6d]" started-at="2022-09-11T16:18:48 IST" name="verifySerchResultForPoloMen" finished-at="2022-09-11T16:18:58 IST" duration-ms="10042" status="FAIL">
          <exception class="java.lang.AssertionError">
            <message>
              <![CDATA[ product title  doesnt contain polo men it contains:- HRX by Hrithik Roshan expected [true] but found [false]]]>
            </message>
            <full-stacktrace>
              <![CDATA[java.lang.AssertionError:  product title  doesnt contain polo men it contains:- HRX by Hrithik Roshan expected [true] but found [false]
at org.testng.Assert.fail(Assert.java:99)
at org.testng.Assert.failNotEquals(Assert.java:1037)
at org.testng.Assert.assertTrue(Assert.java:45)
at com.iris22a.ProductTest.verifySerchResultForPoloMen(ProductTest.java:32)
at java.base/jdk.internal.reflect.DirectMethodHandleAccessor.invoke(DirectMethodHandleAccessor.java:104)
at java.base/java.lang.reflect.Method.invoke(Method.java:577)
at org.testng.internal.MethodInvocationHelper.invokeMethod(MethodInvocationHelper.java:133)
at org.testng.internal.TestInvoker.invokeMethod(TestInvoker.java:598)
at org.testng.internal.TestInvoker.invokeTestMethod(TestInvoker.java:173)
at org.testng.internal.MethodRunner.runInSequence(MethodRunner.java:46)
at org.testng.internal.TestInvoker$MethodInvocationAgent.invoke(TestInvoker.java:824)
at org.testng.internal.TestInvoker.invokeTestMethods(TestInvoker.java:146)
at org.testng.internal.TestMethodWorker.invokeTestMethods(TestMethodWorker.java:146)
at org.testng.internal.TestMethodWorker.run(TestMethodWorker.java:128)
at java.base/java.util.ArrayList.forEach(ArrayList.java:1511)
at org.testng.TestRunner.privateRun(TestRunner.java:794)
at org.testng.TestRunner.run(TestRunner.java:596)
at org.testng.SuiteRunner.runTest(SuiteRunner.java:377)
at org.testng.SuiteRunner.runSequentially(SuiteRunner.java:371)
at org.testng.SuiteRunner.privateRun(SuiteRunner.java:332)
at org.testng.SuiteRunner.run(SuiteRunner.java:276)
at org.testng.SuiteRunnerWorker.runSuite(SuiteRunnerWorker.java:53)
at org.testng.SuiteRunnerWorker.run(SuiteRunnerWorker.java:96)
at org.testng.TestNG.runSuitesSequentially(TestNG.java:1212)
at org.testng.TestNG.runSuitesLocally(TestNG.java:1134)
at org.testng.TestNG.runSuites(TestNG.java:1063)
at org.testng.TestNG.run(TestNG.java:1031)
at org.testng.remote.AbstractRemoteTestNG.run(AbstractRemoteTestNG.java:115)
at org.testng.remote.RemoteTestNG.initAndRun(RemoteTestNG.java:251)
at org.testng.remote.RemoteTestNG.main(RemoteTestNG.java:77)
]]>
            </full-stacktrace>
          </exception> <!-- java.lang.AssertionError -->
          <reporter-output>
          </reporter-output>
        </test-method> <!-- verifySerchResultForPoloMen -->
        <test-method is-config="true" signature="tearDown()[pri:0, instance:com.iris22a.ProductTest@6dab9b6d]" started-at="2022-09-11T16:18:58 IST" name="tearDown" finished-at="2022-09-11T16:18:58 IST" duration-ms="149" status="PASS">
          <reporter-output>
          </reporter-output>
        </test-method> <!-- tearDown -->
      </class> <!-- com.iris22a.ProductTest -->
    </test> <!-- Test -->
  </suite> <!-- Suite -->
</testng-results>
